<?xml version="1.0" encoding="UTF-8"?>
<!-- Generated by org.testng.reporters.JUnitReportReporter -->
<testsuite ignored="0" hostname="PL-IN-PF466HD7" failures="0" tests="1" name="planittesting.assesment.DemoTest" time="12.177" errors="0" timestamp="16 Mar 2023 08:37:00 GMT" skipped="0">
  <testcase classname="planittesting.assesment.DemoTest" name="DemoExample" time="12.177"/>
</testsuite> <!-- planittesting.assesment.DemoTest -->
