<?xml version="1.0" encoding="UTF-8"?>
<!-- Generated by org.testng.reporters.JUnitReportReporter -->
<testsuite ignored="0" hostname="PL-IN-PF466HD7" failures="0" tests="1" name="planittesting.assesment.AppTest" time="0.009" errors="0" timestamp="16 Mar 2023 06:59:35 GMT" skipped="0">
  <testcase classname="planittesting.assesment.AppTest" name="shouldAnswerWithTrue" time="0.009"/>
</testsuite> <!-- planittesting.assesment.AppTest -->
